This is pdfTeX, Version 3.14159265-2.6-1.40.16 (MiKTeX 2.9) (preloaded format=pdflatex 2015.11.18)  4 OCT 2017 00:14
entering extended mode
**"Project 4.tex"
("Project 4.tex"
LaTeX2e <2015/01/01> patch level 2
Babel <3.9m> and hyphenation patterns for 69 languages loaded.
("C:\Program Files (x86)\MiKTeX 2.9\tex\latex\base\article.cls"
Document Class: article 2014/09/29 v1.4h Standard LaTeX document class
("C:\Program Files (x86)\MiKTeX 2.9\tex\latex\base\size12.clo"
File: size12.clo 2014/09/29 v1.4h Standard LaTeX file (size option)
)
\c@part=\count79
\c@section=\count80
\c@subsection=\count81
\c@subsubsection=\count82
\c@paragraph=\count83
\c@subparagraph=\count84
\c@figure=\count85
\c@table=\count86
\abovecaptionskip=\skip41
\belowcaptionskip=\skip42
\bibindent=\dimen102
)
("C:\Program Files (x86)\MiKTeX 2.9\tex\generic\babel\babel.sty"
Package: babel 2015/08/03 3.9m The Babel package

*************************************
* Local config file bblopts.cfg used
*
("C:\Program Files (x86)\MiKTeX 2.9\tex\latex\00miktex\bblopts.cfg"
File: bblopts.cfg 2006/07/31 v1.0 MiKTeX 'babel' configuration
)
("C:\Program Files (x86)\MiKTeX 2.9\tex\latex\babel-italian\italian.ldf"
Language: italian 2015/03/26 v1.3n Italian support from the babel system

("C:\Program Files (x86)\MiKTeX 2.9\tex\generic\babel\babel.def"
File: babel.def 2015/08/03 3.9m Babel common definitions
\babel@savecnt=\count87
\U@D=\dimen103
)
\it@lettering=\count88
\it@doublequoteactive=\count89
\it@ISOcompliance=\count90
))
("C:\Program Files (x86)\MiKTeX 2.9\tex\latex\etoolbox\etoolbox.sty"
Package: etoolbox 2015/08/02 v2.2a e-TeX tools for LaTeX (JAW)
\etb@tempcnta=\count91
)
("C:\Program Files (x86)\MiKTeX 2.9\tex\latex\base\fontenc.sty"
Package: fontenc 2005/09/27 v1.99g Standard LaTeX package

("C:\Program Files (x86)\MiKTeX 2.9\tex\latex\base\t1enc.def"
File: t1enc.def 2005/09/27 v1.99g Standard LaTeX file
LaTeX Font Info:    Redeclaring font encoding T1 on input line 48.
))
("C:\Program Files (x86)\MiKTeX 2.9\tex\latex\base\inputenc.sty"
Package: inputenc 2015/03/17 v1.2c Input encoding file
\inpenc@prehook=\toks14
\inpenc@posthook=\toks15

("C:\Program Files (x86)\MiKTeX 2.9\tex\latex\base\latin1.def"
File: latin1.def 2015/03/17 v1.2c Input encoding file
))
("C:\Program Files (x86)\MiKTeX 2.9\tex\latex\graphics\graphicx.sty"
Package: graphicx 2014/10/28 v1.0g Enhanced LaTeX Graphics (DPC,SPQR)

("C:\Program Files (x86)\MiKTeX 2.9\tex\latex\graphics\keyval.sty"
Package: keyval 2014/10/28 v1.15 key=value parser (DPC)
\KV@toks@=\toks16
)
("C:\Program Files (x86)\MiKTeX 2.9\tex\latex\graphics\graphics.sty"
Package: graphics 2014/10/28 v1.0p Standard LaTeX Graphics (DPC,SPQR)

("C:\Program Files (x86)\MiKTeX 2.9\tex\latex\graphics\trig.sty"
Package: trig 1999/03/16 v1.09 sin cos tan (DPC)
)
("C:\Program Files (x86)\MiKTeX 2.9\tex\latex\00miktex\graphics.cfg"
File: graphics.cfg 2007/01/18 v1.5 graphics configuration of teTeX/TeXLive
)
Package graphics Info: Driver file: pdftex.def on input line 94.

("C:\Program Files (x86)\MiKTeX 2.9\tex\latex\pdftex-def\pdftex.def"
File: pdftex.def 2011/05/27 v0.06d Graphics/color for pdfTeX

("C:\Program Files (x86)\MiKTeX 2.9\tex\generic\oberdiek\infwarerr.sty"
Package: infwarerr 2010/04/08 v1.3 Providing info/warning/error messages (HO)
)
("C:\Program Files (x86)\MiKTeX 2.9\tex\generic\oberdiek\ltxcmds.sty"
Package: ltxcmds 2011/11/09 v1.22 LaTeX kernel commands for general use (HO)
)
\Gread@gobject=\count92
))
\Gin@req@height=\dimen104
\Gin@req@width=\dimen105
)
("C:\Program Files (x86)\MiKTeX 2.9\tex\latex\amsmath\amsmath.sty"
Package: amsmath 2013/01/14 v2.14 AMS math features
\@mathmargin=\skip43

For additional information on amsmath, use the `?' option.
("C:\Program Files (x86)\MiKTeX 2.9\tex\latex\amsmath\amstext.sty"
Package: amstext 2000/06/29 v2.01

("C:\Program Files (x86)\MiKTeX 2.9\tex\latex\amsmath\amsgen.sty"
File: amsgen.sty 1999/11/30 v2.0
\@emptytoks=\toks17
\ex@=\dimen106
))
("C:\Program Files (x86)\MiKTeX 2.9\tex\latex\amsmath\amsbsy.sty"
Package: amsbsy 1999/11/29 v1.2d
\pmbraise@=\dimen107
)
("C:\Program Files (x86)\MiKTeX 2.9\tex\latex\amsmath\amsopn.sty"
Package: amsopn 1999/12/14 v2.01 operator names
)
\inf@bad=\count93
LaTeX Info: Redefining \frac on input line 210.
\uproot@=\count94
\leftroot@=\count95
LaTeX Info: Redefining \overline on input line 306.
\classnum@=\count96
\DOTSCASE@=\count97
LaTeX Info: Redefining \ldots on input line 378.
LaTeX Info: Redefining \dots on input line 381.
LaTeX Info: Redefining \cdots on input line 466.
\Mathstrutbox@=\box26
\strutbox@=\box27
\big@size=\dimen108
LaTeX Font Info:    Redeclaring font encoding OML on input line 566.
LaTeX Font Info:    Redeclaring font encoding OMS on input line 567.
\macc@depth=\count98
\c@MaxMatrixCols=\count99
\dotsspace@=\muskip10
\c@parentequation=\count100
\dspbrk@lvl=\count101
\tag@help=\toks18
\row@=\count102
\column@=\count103
\maxfields@=\count104
\andhelp@=\toks19
\eqnshift@=\dimen109
\alignsep@=\dimen110
\tagshift@=\dimen111
\tagwidth@=\dimen112
\totwidth@=\dimen113
\lineht@=\dimen114
\@envbody=\toks20
\multlinegap=\skip44
\multlinetaggap=\skip45
\mathdisplay@stack=\toks21
LaTeX Info: Redefining \[ on input line 2665.
LaTeX Info: Redefining \] on input line 2666.
)
("C:\Program Files (x86)\MiKTeX 2.9\tex\latex\subfig\subfig.sty"
Package: subfig 2005/06/28 ver: 1.3 subfig package

("C:\Program Files (x86)\MiKTeX 2.9\tex\latex\caption\caption.sty"
Package: caption 2015/09/17 v3.3-111 Customizing captions (AR)

("C:\Program Files (x86)\MiKTeX 2.9\tex\latex\caption\caption3.sty"
Package: caption3 2015/09/20 v1.7-115 caption3 kernel (AR)
Package caption3 Info: TeX engine: e-TeX on input line 57.
\captionmargin=\dimen115
\captionmargin@=\dimen116
\captionwidth=\dimen117
\caption@tempdima=\dimen118
\caption@indent=\dimen119
\caption@parindent=\dimen120
\caption@hangindent=\dimen121
)
\c@ContinuedFloat=\count105
)
\c@KVtest=\count106
\sf@farskip=\skip46
\sf@captopadj=\dimen122
\sf@capskip=\skip47
\sf@nearskip=\skip48
\c@subfigure=\count107
\c@subfigure@save=\count108
\c@lofdepth=\count109
\c@subtable=\count110
\c@subtable@save=\count111
\c@lotdepth=\count112
\sf@top=\skip49
\sf@bottom=\skip50
)
("Project 4.aux"

LaTeX Warning: Label `fig:subfig' multiply defined.


LaTeX Warning: Label `fig:subfig' multiply defined.


LaTeX Warning: Label `fig:subfig' multiply defined.


LaTeX Warning: Label `fig:subfig' multiply defined.


LaTeX Warning: Label `fig:subfig' multiply defined.


LaTeX Warning: Label `fig:subfig' multiply defined.


LaTeX Warning: Label `fig:subfig' multiply defined.


LaTeX Warning: Label `fig:subfig' multiply defined.

)
LaTeX Font Info:    Checking defaults for OML/cmm/m/it on input line 9.
LaTeX Font Info:    ... okay on input line 9.
LaTeX Font Info:    Checking defaults for T1/cmr/m/n on input line 9.
LaTeX Font Info:    ... okay on input line 9.
LaTeX Font Info:    Checking defaults for OT1/cmr/m/n on input line 9.
LaTeX Font Info:    ... okay on input line 9.
LaTeX Font Info:    Checking defaults for OMS/cmsy/m/n on input line 9.
LaTeX Font Info:    ... okay on input line 9.
LaTeX Font Info:    Checking defaults for OMX/cmex/m/n on input line 9.
LaTeX Font Info:    ... okay on input line 9.
LaTeX Font Info:    Checking defaults for U/cmr/m/n on input line 9.
LaTeX Font Info:    ... okay on input line 9.
LaTeX Info: Redefining \it@ocap on input line 9.
LaTeX Info: Redefining \it@ccap on input line 9.
 ("C:\Program Files (x86)\MiKTeX 2.9\tex\context\base\supp-pdf.mkii"
[Loading MPS to PDF converter (version 2006.09.02).]
\scratchcounter=\count113
\scratchdimen=\dimen123
\scratchbox=\box28
\nofMPsegments=\count114
\nofMParguments=\count115
\everyMPshowfont=\toks22
\MPscratchCnt=\count116
\MPscratchDim=\dimen124
\MPnumerator=\count117
\makeMPintoPDFobject=\count118
\everyMPtoPDFconversion=\toks23
)
Package caption Info: Begin \AtBeginDocument code.
Package caption Info: subfig package v1.3 is loaded.
Package caption Info: End \AtBeginDocument code.


! LaTeX Error: File `Immagini/1' not found.

See the LaTeX manual or LaTeX Companion for explanation.
Type  H <return>  for immediate help.
 ...                                              
                                                  
l.15 \includegraphics[width=100mm]{Immagini/1}
                                              
I could not locate the file with any of these extensions:
.png,.pdf,.jpg,.mps,.jpeg,.jbig2,.jb2,.PNG,.PDF,.JPG,.JPEG,.JBIG2,.JB2
Try typing  <return>  to proceed.
If that doesn't work, type  X <return>  to quit.

[1

{C:/Users/Luca Hakimi/AppData/Local/MiKTeX/2.9/pdftex/config/pdftex.map}]
("Project 4.toc")
\tf@toc=\write3
 [2]
LaTeX Font Info:    Try loading font information for OMS+cmr on input line 24.

("C:\Program Files (x86)\MiKTeX 2.9\tex\latex\base\omscmr.fd"
File: omscmr.fd 2014/09/29 v2.5h Standard LaTeX font definitions
)
LaTeX Font Info:    Font shape `OMS/cmr/m/n' in size <12> not available
(Font)              Font shape `OMS/cmsy/m/n' tried instead on input line 24.

Underfull \hbox (badness 10000) in paragraph at lines 23--29

 []


Underfull \hbox (badness 10000) in paragraph at lines 23--29

 []


Underfull \hbox (badness 10000) in paragraph at lines 23--29

 []


Underfull \hbox (badness 10000) in paragraph at lines 23--29

 []


LaTeX Warning: File `Immagini/Cilindro.jpg' not found on input line 33.


! Package pdftex.def Error: File `Immagini/Cilindro.jpg' not found.

See the pdftex.def package documentation for explanation.
Type  H <return>  for immediate help.
 ...                                              
                                                  
l.33 ...graphics[scale=0.4]{Immagini/Cilindro.jpg}
                                                  
Using draft setting for this image.
Try typing  <return>  to proceed.
If that doesn't work, type  X <return>  to quit.

LaTeX Font Info:    Try loading font information for T1+cmtt on input line 33.
("C:\Program Files (x86)\MiKTeX 2.9\tex\latex\base\t1cmtt.fd"
File: t1cmtt.fd 2014/09/29 v2.5h Standard LaTeX font definitions
)
Underfull \hbox (badness 10000) in paragraph at lines 30--44

 []


Underfull \hbox (badness 10000) in paragraph at lines 30--44

 []


Underfull \hbox (badness 10000) in paragraph at lines 30--44

 []


Underfull \hbox (badness 10000) in paragraph at lines 30--44

 []


Underfull \hbox (badness 10000) in paragraph at lines 30--44

 []


Underfull \hbox (badness 10000) in paragraph at lines 30--44

 []

[3]

LaTeX Warning: File `Immagini/Cilindroin.jpg' not found on input line 54.


! Package pdftex.def Error: File `Immagini/Cilindroin.jpg' not found.

See the pdftex.def package documentation for explanation.
Type  H <return>  for immediate help.
 ...                                              
                                                  
l.54 ...aphics[scale=0.4]{Immagini/Cilindroin.jpg}
                                                  
Using draft setting for this image.
Try typing  <return>  to proceed.
If that doesn't work, type  X <return>  to quit.

[4]

LaTeX Warning: File `Immagini/Cilindrof.jpg' not found on input line 67.


! Package pdftex.def Error: File `Immagini/Cilindrof.jpg' not found.

See the pdftex.def package documentation for explanation.
Type  H <return>  for immediate help.
 ...                                              
                                                  
l.67 ...raphics[scale=0.4]{Immagini/Cilindrof.jpg}
                                                  
Using draft setting for this image.
Try typing  <return>  to proceed.
If that doesn't work, type  X <return>  to quit.

[5]

LaTeX Warning: Command \textdegree invalid in math mode on input line 73.


LaTeX Warning: File `Immagini/Cupola.jpg' not found on input line 76.


! Package pdftex.def Error: File `Immagini/Cupola.jpg' not found.

See the pdftex.def package documentation for explanation.
Type  H <return>  for immediate help.
 ...                                              
                                                  
l.76 ...degraphics[scale=0.4]{Immagini/Cupola.jpg}
                                                  
Using draft setting for this image.
Try typing  <return>  to proceed.
If that doesn't work, type  X <return>  to quit.


Underfull \hbox (badness 10000) in paragraph at lines 73--89

 []


Underfull \hbox (badness 10000) in paragraph at lines 73--89

 []


Underfull \hbox (badness 10000) in paragraph at lines 73--89

 []


Underfull \hbox (badness 10000) in paragraph at lines 73--89

 []


Underfull \hbox (badness 10000) in paragraph at lines 73--89

 []


Underfull \hbox (badness 10000) in paragraph at lines 73--89

 []

[6]
Underfull \hbox (badness 10000) in paragraph at lines 90--94

 []


Underfull \hbox (badness 10000) in paragraph at lines 90--94

 []


Underfull \hbox (badness 10000) in paragraph at lines 90--94

 []


LaTeX Warning: File `Immagini/gravitateta.jpg' not found on input line 118.


! Package pdftex.def Error: File `Immagini/gravitateta.jpg' not found.

See the pdftex.def package documentation for explanation.
Type  H <return>  for immediate help.
 ...                                              
                                                  
l.118 ...hics[scale=0.3]{Immagini/gravitateta.jpg}
                                                  
Using draft setting for this image.
Try typing  <return>  to proceed.
If that doesn't work, type  X <return>  to quit.


LaTeX Warning: File `Immagini/gravitafi.jpg' not found on input line 123.


! Package pdftex.def Error: File `Immagini/gravitafi.jpg' not found.

See the pdftex.def package documentation for explanation.
Type  H <return>  for immediate help.
 ...                                              
                                                  
l.123 ...aphics[scale=0.3]{Immagini/gravitafi.jpg}
                                                  
Using draft setting for this image.
Try typing  <return>  to proceed.
If that doesn't work, type  X <return>  to quit.


Underfull \hbox (badness 10000) in paragraph at lines 111--126

 []


Underfull \hbox (badness 10000) in paragraph at lines 111--126

 []


Underfull \hbox (badness 10000) in paragraph at lines 111--126

 []

[7]

LaTeX Warning: Command \textdegree invalid in math mode on input line 127.


LaTeX Warning: Command \textdegree invalid in math mode on input line 127.


LaTeX Warning: Command \textdegree invalid in math mode on input line 127.


LaTeX Warning: Command \textdegree invalid in math mode on input line 158.


Underfull \hbox (badness 10000) in paragraph at lines 158--160

 []


LaTeX Warning: File `Immagini/Cupolap.jpg' not found on input line 177.


! Package pdftex.def Error: File `Immagini/Cupolap.jpg' not found.

See the pdftex.def package documentation for explanation.
Type  H <return>  for immediate help.
 ...                                              
                                                  
l.177 ...graphics[scale=0.4]{Immagini/Cupolap.jpg}
                                                  
Using draft setting for this image.
Try typing  <return>  to proceed.
If that doesn't work, type  X <return>  to quit.

[8]

LaTeX Warning: File `Immagini/modo1c.jpg' not found on input line 219.


! Package pdftex.def Error: File `Immagini/modo1c.jpg' not found.

See the pdftex.def package documentation for explanation.
Type  H <return>  for immediate help.
 ...                                              
                                                  
l.219 ...idth=.55\textwidth]{Immagini/modo1c.jpg}}
                                                   \quad
Using draft setting for this image.
Try typing  <return>  to proceed.
If that doesn't work, type  X <return>  to quit.


LaTeX Warning: File `Immagini/modo2c.jpg' not found on input line 221.


! Package pdftex.def Error: File `Immagini/modo2c.jpg' not found.

See the pdftex.def package documentation for explanation.
Type  H <return>  for immediate help.
 ...                                              
                                                  
l.221 ...idth=.55\textwidth]{Immagini/modo2c.jpg}}
                                                  
Using draft setting for this image.
Try typing  <return>  to proceed.
If that doesn't work, type  X <return>  to quit.


Overfull \hbox (50.74951pt too wide) in paragraph at lines 219--223
[][] [][][] 
 []


LaTeX Warning: File `Immagini/modo3c.jpg' not found on input line 226.


! Package pdftex.def Error: File `Immagini/modo3c.jpg' not found.

See the pdftex.def package documentation for explanation.
Type  H <return>  for immediate help.
 ...                                              
                                                  
l.226 ...graphics[scale=0.28]{Immagini/modo3c.jpg}
                                                  
Using draft setting for this image.
Try typing  <return>  to proceed.
If that doesn't work, type  X <return>  to quit.


LaTeX Warning: File `Immagini/modo4c.jpg' not found on input line 231.


! Package pdftex.def Error: File `Immagini/modo4c.jpg' not found.

See the pdftex.def package documentation for explanation.
Type  H <return>  for immediate help.
 ...                                              
                                                  
l.231 ...idth=.55\textwidth]{Immagini/modo4c.jpg}}
                                                   \quad
Using draft setting for this image.
Try typing  <return>  to proceed.
If that doesn't work, type  X <return>  to quit.


LaTeX Warning: File `Immagini/modo5c.jpg' not found on input line 233.


! Package pdftex.def Error: File `Immagini/modo5c.jpg' not found.

See the pdftex.def package documentation for explanation.
Type  H <return>  for immediate help.
 ...                                              
                                                  
l.233 ...idth=.55\textwidth]{Immagini/modo5c.jpg}}
                                                  
Using draft setting for this image.
Try typing  <return>  to proceed.
If that doesn't work, type  X <return>  to quit.


Overfull \hbox (50.74951pt too wide) in paragraph at lines 231--235
[][] [][] 
 []


LaTeX Warning: File `Immagini/modo6c.jpg' not found on input line 238.


! Package pdftex.def Error: File `Immagini/modo6c.jpg' not found.

See the pdftex.def package documentation for explanation.
Type  H <return>  for immediate help.
 ...                                              
                                                  
l.238 ...idth=.55\textwidth]{Immagini/modo6c.jpg}}
                                                   \quad
Using draft setting for this image.
Try typing  <return>  to proceed.
If that doesn't work, type  X <return>  to quit.


LaTeX Warning: File `Immagini/modo7c.jpg' not found on input line 240.


! Package pdftex.def Error: File `Immagini/modo7c.jpg' not found.

See the pdftex.def package documentation for explanation.
Type  H <return>  for immediate help.
 ...                                              
                                                  
l.240 ...idth=.55\textwidth]{Immagini/modo7c.jpg}}
                                                  
Using draft setting for this image.
Try typing  <return>  to proceed.
If that doesn't work, type  X <return>  to quit.


Overfull \hbox (50.74951pt too wide) in paragraph at lines 238--242
[][] [][] 
 []


LaTeX Warning: File `Immagini/modo8c.jpg' not found on input line 245.


! Package pdftex.def Error: File `Immagini/modo8c.jpg' not found.

See the pdftex.def package documentation for explanation.
Type  H <return>  for immediate help.
 ...                                              
                                                  
l.245 ...graphics[scale=0.28]{Immagini/modo8c.jpg}
                                                  
Using draft setting for this image.
Try typing  <return>  to proceed.
If that doesn't work, type  X <return>  to quit.


LaTeX Warning: File `Immagini/modo9c.jpg' not found on input line 250.


! Package pdftex.def Error: File `Immagini/modo9c.jpg' not found.

See the pdftex.def package documentation for explanation.
Type  H <return>  for immediate help.
 ...                                              
                                                  
l.250 ...idth=.55\textwidth]{Immagini/modo9c.jpg}}
                                                   \quad
Using draft setting for this image.
Try typing  <return>  to proceed.
If that doesn't work, type  X <return>  to quit.


LaTeX Warning: File `Immagini/modo10c.jpg' not found on input line 252.


! Package pdftex.def Error: File `Immagini/modo10c.jpg' not found.

See the pdftex.def package documentation for explanation.
Type  H <return>  for immediate help.
 ...                                              
                                                  
l.252 ...dth=.55\textwidth]{Immagini/modo10c.jpg}}
                                                  
Using draft setting for this image.
Try typing  <return>  to proceed.
If that doesn't work, type  X <return>  to quit.


Overfull \hbox (50.74951pt too wide) in paragraph at lines 250--254
[][] [][] 
 []

[9] [10] [11]

LaTeX Warning: Command \textdegree invalid in math mode on input line 261.


LaTeX Warning: File `Immagini/Cupolaforata.jpg' not found on input line 264.


! Package pdftex.def Error: File `Immagini/Cupolaforata.jpg' not found.

See the pdftex.def package documentation for explanation.
Type  H <return>  for immediate help.
 ...                                              
                                                  
l.264 ...ics[scale=0.4]{Immagini/Cupolaforata.jpg}
                                                  
Using draft setting for this image.
Try typing  <return>  to proceed.
If that doesn't work, type  X <return>  to quit.


LaTeX Warning: Command \textdegree invalid in math mode on input line 270.


Underfull \hbox (badness 10000) in paragraph at lines 261--272

 []


Underfull \hbox (badness 10000) in paragraph at lines 261--272

 []


Underfull \hbox (badness 10000) in paragraph at lines 261--272

 []


Underfull \hbox (badness 10000) in paragraph at lines 288--289

 []


LaTeX Warning: Command \textdegree invalid in math mode on input line 300.

[12]

LaTeX Warning: Command \textdegree invalid in math mode on input line 315.


LaTeX Warning: File `Immagini/Cupolaf.jpg' not found on input line 319.


! Package pdftex.def Error: File `Immagini/Cupolaf.jpg' not found.

See the pdftex.def package documentation for explanation.
Type  H <return>  for immediate help.
 ...                                              
                                                  
l.319 ...graphics[scale=0.4]{Immagini/Cupolaf.jpg}
                                                  
Using draft setting for this image.
Try typing  <return>  to proceed.
If that doesn't work, type  X <return>  to quit.

[13]

LaTeX Warning: File `Immagini/modo1.jpg' not found on input line 348.


! Package pdftex.def Error: File `Immagini/modo1.jpg' not found.

See the pdftex.def package documentation for explanation.
Type  H <return>  for immediate help.
 ...                                              
                                                  
l.348 ...width=.55\textwidth]{Immagini/modo1.jpg}}
                                                   \quad
Using draft setting for this image.
Try typing  <return>  to proceed.
If that doesn't work, type  X <return>  to quit.


LaTeX Warning: File `Immagini/modo2.jpg' not found on input line 350.


! Package pdftex.def Error: File `Immagini/modo2.jpg' not found.

See the pdftex.def package documentation for explanation.
Type  H <return>  for immediate help.
 ...                                              
                                                  
l.350 ...width=.55\textwidth]{Immagini/modo2.jpg}}
                                                  
Using draft setting for this image.
Try typing  <return>  to proceed.
If that doesn't work, type  X <return>  to quit.


Overfull \hbox (50.74951pt too wide) in paragraph at lines 348--352
[][] [][] 
 []


LaTeX Warning: File `Immagini/modo3.jpg' not found on input line 355.


! Package pdftex.def Error: File `Immagini/modo3.jpg' not found.

See the pdftex.def package documentation for explanation.
Type  H <return>  for immediate help.
 ...                                              
                                                  
l.355 ...width=.55\textwidth]{Immagini/modo3.jpg}}
                                                   \quad
Using draft setting for this image.
Try typing  <return>  to proceed.
If that doesn't work, type  X <return>  to quit.


LaTeX Warning: File `Immagini/modo4.jpg' not found on input line 357.


! Package pdftex.def Error: File `Immagini/modo4.jpg' not found.

See the pdftex.def package documentation for explanation.
Type  H <return>  for immediate help.
 ...                                              
                                                  
l.357 ...width=.55\textwidth]{Immagini/modo4.jpg}}
                                                  
Using draft setting for this image.
Try typing  <return>  to proceed.
If that doesn't work, type  X <return>  to quit.


Overfull \hbox (50.74951pt too wide) in paragraph at lines 355--359
[][] [][] 
 []


LaTeX Warning: File `Immagini/modo5.jpg' not found on input line 362.


! Package pdftex.def Error: File `Immagini/modo5.jpg' not found.

See the pdftex.def package documentation for explanation.
Type  H <return>  for immediate help.
 ...                                              
                                                  
l.362 ...width=.55\textwidth]{Immagini/modo5.jpg}}
                                                   \quad
Using draft setting for this image.
Try typing  <return>  to proceed.
If that doesn't work, type  X <return>  to quit.


LaTeX Warning: File `Immagini/modo6.jpg' not found on input line 364.


! Package pdftex.def Error: File `Immagini/modo6.jpg' not found.

See the pdftex.def package documentation for explanation.
Type  H <return>  for immediate help.
 ...                                              
                                                  
l.364 ...width=.55\textwidth]{Immagini/modo6.jpg}}
                                                  
Using draft setting for this image.
Try typing  <return>  to proceed.
If that doesn't work, type  X <return>  to quit.


Overfull \hbox (50.74951pt too wide) in paragraph at lines 362--366
[][] [][] 
 []


LaTeX Warning: File `Immagini/modo7.jpg' not found on input line 369.


! Package pdftex.def Error: File `Immagini/modo7.jpg' not found.

See the pdftex.def package documentation for explanation.
Type  H <return>  for immediate help.
 ...                                              
                                                  
l.369 ...width=.55\textwidth]{Immagini/modo7.jpg}}
                                                   \quad
Using draft setting for this image.
Try typing  <return>  to proceed.
If that doesn't work, type  X <return>  to quit.


LaTeX Warning: File `Immagini/modo8.jpg' not found on input line 371.


! Package pdftex.def Error: File `Immagini/modo8.jpg' not found.

See the pdftex.def package documentation for explanation.
Type  H <return>  for immediate help.
 ...                                              
                                                  
l.371 ...width=.55\textwidth]{Immagini/modo8.jpg}}
                                                  
Using draft setting for this image.
Try typing  <return>  to proceed.
If that doesn't work, type  X <return>  to quit.


Overfull \hbox (50.74951pt too wide) in paragraph at lines 369--373
[][] [][] 
 []


LaTeX Warning: File `Immagini/modo9.jpg' not found on input line 376.


! Package pdftex.def Error: File `Immagini/modo9.jpg' not found.

See the pdftex.def package documentation for explanation.
Type  H <return>  for immediate help.
 ...                                              
                                                  
l.376 ...width=.55\textwidth]{Immagini/modo9.jpg}}
                                                   \quad
Using draft setting for this image.
Try typing  <return>  to proceed.
If that doesn't work, type  X <return>  to quit.


LaTeX Warning: File `Immagini/modo10.jpg' not found on input line 378.


! Package pdftex.def Error: File `Immagini/modo10.jpg' not found.

See the pdftex.def package documentation for explanation.
Type  H <return>  for immediate help.
 ...                                              
                                                  
l.378 ...idth=.55\textwidth]{Immagini/modo10.jpg}}
                                                  
Using draft setting for this image.
Try typing  <return>  to proceed.
If that doesn't work, type  X <return>  to quit.


Overfull \hbox (50.74951pt too wide) in paragraph at lines 376--380
[][] [][] 
 []

[14] [15] [16] [17] ("Project 4.aux")

LaTeX Warning: There were multiply-defined labels.

 ) 
Here is how much of TeX's memory you used:
 4050 strings out of 493673
 56298 string characters out of 3141509
 131080 words of memory out of 3000000
 7324 multiletter control sequences out of 15000+200000
 15576 words of font info for 41 fonts, out of 3000000 for 9000
 1025 hyphenation exceptions out of 8191
 44i,10n,47p,800b,387s stack positions out of 5000i,500n,10000p,200000b,50000s
 <C:\Users\Luca Hakimi\AppData\Local\MiKTeX\2.9\fonts\pk\ljfour\jknappen\ec\d
pi600\ecti1000.pk> <C:\Users\Luca Hakimi\AppData\Local\MiKTeX\2.9\fonts\pk\ljfo
ur\jknappen\ec\dpi600\ecrm1000.pk> <C:\Users\Luca Hakimi\AppData\Local\MiKTeX\2
.9\fonts\pk\ljfour\jknappen\ec\dpi600\ecbx1440.pk> <C:\Users\Luca Hakimi\AppDat
a\Local\MiKTeX\2.9\fonts\pk\ljfour\jknappen\ec\dpi600\ectt1200.pk> <C:\Users\Lu
ca Hakimi\AppData\Local\MiKTeX\2.9\fonts\pk\ljfour\jknappen\ec\dpi600\ecbx1200.
pk> <C:\Users\Luca Hakimi\AppData\Local\MiKTeX\2.9\fonts\pk\ljfour\jknappen\ec\
dpi600\ecbx1728.pk> <C:\Users\Luca Hakimi\AppData\Local\MiKTeX\2.9\fonts\pk\ljf
our\jknappen\ec\dpi600\ecrm1200.pk> <C:\Users\Luca Hakimi\AppData\Local\MiKTeX\
2.9\fonts\pk\ljfour\jknappen\ec\dpi600\ecrm1440.pk> <C:\Users\Luca Hakimi\AppDa
ta\Local\MiKTeX\2.9\fonts\pk\ljfour\jknappen\ec\dpi600\ecrm2074.pk><C:/Program 
Files (x86)/MiKTeX 2.9/fonts/type1/public/amsfonts/cm/cmmi12.pfb><C:/Program Fi
les (x86)/MiKTeX 2.9/fonts/type1/public/amsfonts/cm/cmmi8.pfb><C:/Program Files
 (x86)/MiKTeX 2.9/fonts/type1/public/amsfonts/cm/cmr12.pfb><C:/Program Files (x
86)/MiKTeX 2.9/fonts/type1/public/amsfonts/cm/cmr6.pfb><C:/Program Files (x86)/
MiKTeX 2.9/fonts/type1/public/amsfonts/cm/cmr8.pfb><C:/Program Files (x86)/MiKT
eX 2.9/fonts/type1/public/amsfonts/cm/cmsy10.pfb><C:/Program Files (x86)/MiKTeX
 2.9/fonts/type1/public/amsfonts/cm/cmsy6.pfb><C:/Program Files (x86)/MiKTeX 2.
9/fonts/type1/public/amsfonts/cm/cmsy8.pfb>
Output written on "Project 4.pdf" (17 pages, 190162 bytes).
PDF statistics:
 360 PDF objects out of 1000 (max. 8388607)
 0 named destinations out of 1000 (max. 500000)
 1 words of extra memory for PDF output out of 10000 (max. 10000000)

